# JRE version: OpenJDK Runtime Environment (7.0_79-b14) (build 1.7.0_79-b14)
# Java VM: OpenJDK 64-Bit Server VM (24.79-b02 mixed mode linux-amd64 compressed oops)
Heap
 PSYoungGen      total 69120K, used 5108K [0x00000000eaa80000, 0x00000000ef400000, 0x0000000100000000)
  eden space 64000K, 0% used [0x00000000eaa80000,0x00000000eaa80000,0x00000000ee900000)
  from space 5120K, 99% used [0x00000000ee900000,0x00000000eedfd010,0x00000000eee00000)
  to   space 4096K, 0% used [0x00000000eee00000,0x00000000eee00000,0x00000000ef200000)
 ParOldGen       total 20992K, used 18344K [0x00000000c0000000, 0x00000000c1480000, 0x00000000eaa80000)
  object space 20992K, 87% used [0x00000000c0000000,0x00000000c11ea138,0x00000000c1480000)
 PSPermGen       total 33792K, used 33502K [0x00000000b0000000, 0x00000000b2100000, 0x00000000c0000000)
  object space 33792K, 99% used [0x00000000b0000000,0x00000000b20b7a88,0x00000000b2100000)
GC Heap History (10 events):
Event: 8.445 GC heap after
Heap after GC invocations=10 (full 0):
 PSYoungGen      total 29184K, used 2183K [0x00000000eaa80000, 0x00000000eca80000, 0x0000000100000000)
  eden space 25600K, 0% used [0x00000000eaa80000,0x00000000eaa80000,0x00000000ec380000)
  from space 3584K, 60% used [0x00000000ec700000,0x00000000ec921f68,0x00000000eca80000)
  to   space 3584K, 0% used [0x00000000ec380000,0x00000000ec380000,0x00000000ec700000)
 ParOldGen       total 20992K, used 7302K [0x00000000c0000000, 0x00000000c1480000, 0x00000000eaa80000)
  object space 20992K, 34% used [0x00000000c0000000,0x00000000c0721b48,0x00000000c1480000)
 PSPermGen       total 21504K, used 18409K [0x00000000b0000000, 0x00000000b1500000, 0x00000000c0000000)
  object space 21504K, 85% used [0x00000000b0000000,0x00000000b11fa798,0x00000000b1500000)
}
Event: 9.803 GC heap before
{Heap before GC invocations=11 (full 0):
 PSYoungGen      total 29184K, used 27783K [0x00000000eaa80000, 0x00000000eca80000, 0x0000000100000000)
  eden space 25600K, 100% used [0x00000000eaa80000,0x00000000ec380000,0x00000000ec380000)
  from space 3584K, 60% used [0x00000000ec700000,0x00000000ec921f68,0x00000000eca80000)
  to   space 3584K, 0% used [0x00000000ec380000,0x00000000ec380000,0x00000000ec700000)
 ParOldGen       total 20992K, used 7302K [0x00000000c0000000, 0x00000000c1480000, 0x00000000eaa80000)
  object space 20992K, 34% used [0x00000000c0000000,0x00000000c0721b48,0x00000000c1480000)
 PSPermGen       total 21504K, used 20578K [0x00000000b0000000, 0x00000000b1500000, 0x00000000c0000000)
  object space 21504K, 95% used [0x00000000b0000000,0x00000000b1418aa8,0x00000000b1500000)
Event: 9.820 GC heap after
Heap after GC invocations=11 (full 0):
 PSYoungGen      total 29184K, used 3001K [0x00000000eaa80000, 0x00000000ed980000, 0x0000000100000000)
  eden space 25600K, 0% used [0x00000000eaa80000,0x00000000eaa80000,0x00000000ec380000)
  from space 3584K, 83% used [0x00000000ec380000,0x00000000ec66e600,0x00000000ec700000)
  to   space 3584K, 0% used [0x00000000ed600000,0x00000000ed600000,0x00000000ed980000)
 ParOldGen       total 20992K, used 8118K [0x00000000c0000000, 0x00000000c1480000, 0x00000000eaa80000)
  object space 20992K, 38% used [0x00000000c0000000,0x00000000c07edb88,0x00000000c1480000)
 PSPermGen       total 21504K, used 20578K [0x00000000b0000000, 0x00000000b1500000, 0x00000000c0000000)
  object space 21504K, 95% used [0x00000000b0000000,0x00000000b1418aa8,0x00000000b1500000)
}
Event: 10.634 GC heap before
{Heap before GC invocations=12 (full 0):
 PSYoungGen      total 29184K, used 28601K [0x00000000eaa80000, 0x00000000ed980000, 0x0000000100000000)
  eden space 25600K, 100% used [0x00000000eaa80000,0x00000000ec380000,0x00000000ec380000)
  from space 3584K, 83% used [0x00000000ec380000,0x00000000ec66e600,0x00000000ec700000)
  to   space 3584K, 0% used [0x00000000ed600000,0x00000000ed600000,0x00000000ed980000)
 ParOldGen       total 20992K, used 8118K [0x00000000c0000000, 0x00000000c1480000, 0x00000000eaa80000)
  object space 20992K, 38% used [0x00000000c0000000,0x00000000c07edb88,0x00000000c1480000)
 PSPermGen       total 22528K, used 22187K [0x00000000b0000000, 0x00000000b1600000, 0x00000000c0000000)
  object space 22528K, 98% used [0x00000000b0000000,0x00000000b15aad98,0x00000000b1600000)
Event: 10.649 GC heap after
Heap after GC invocations=12 (full 0):
 PSYoungGen      total 44032K, used 3244K [0x00000000eaa80000, 0x00000000eda80000, 0x0000000100000000)
  eden space 40448K, 0% used [0x00000000eaa80000,0x00000000eaa80000,0x00000000ed200000)
  from space 3584K, 90% used [0x00000000ed600000,0x00000000ed92b160,0x00000000ed980000)
  to   space 4096K, 0% used [0x00000000ed200000,0x00000000ed200000,0x00000000ed600000)
 ParOldGen       total 20992K, used 9550K [0x00000000c0000000, 0x00000000c1480000, 0x00000000eaa80000)
  object space 20992K, 45% used [0x00000000c0000000,0x00000000c0953ba8,0x00000000c1480000)
 PSPermGen       total 22528K, used 22187K [0x00000000b0000000, 0x00000000b1600000, 0x00000000c0000000)
  object space 22528K, 98% used [0x00000000b0000000,0x00000000b15aad98,0x00000000b1600000)
}
Event: 12.530 GC heap before
{Heap before GC invocations=13 (full 0):
 PSYoungGen      total 44032K, used 43692K [0x00000000eaa80000, 0x00000000eda80000, 0x0000000100000000)
  eden space 40448K, 100% used [0x00000000eaa80000,0x00000000ed200000,0x00000000ed200000)
  from space 3584K, 90% used [0x00000000ed600000,0x00000000ed92b160,0x00000000ed980000)
  to   space 4096K, 0% used [0x00000000ed200000,0x00000000ed200000,0x00000000ed600000)
 ParOldGen       total 20992K, used 9550K [0x00000000c0000000, 0x00000000c1480000, 0x00000000eaa80000)
  object space 20992K, 45% used [0x00000000c0000000,0x00000000c0953ba8,0x00000000c1480000)
 PSPermGen       total 26112K, used 25641K [0x00000000b0000000, 0x00000000b1980000, 0x00000000c0000000)
  object space 26112K, 98% used [0x00000000b0000000,0x00000000b190a798,0x00000000b1980000)
Event: 12.550 GC heap after
Heap after GC invocations=13 (full 0):
 PSYoungGen      total 44544K, used 3182K [0x00000000eaa80000, 0x00000000ef200000, 0x0000000100000000)
  eden space 40448K, 0% used [0x00000000eaa80000,0x00000000eaa80000,0x00000000ed200000)
  from space 4096K, 77% used [0x00000000ed200000,0x00000000ed51bb68,0x00000000ed600000)
  to   space 4096K, 0% used [0x00000000eee00000,0x00000000eee00000,0x00000000ef200000)
 ParOldGen       total 20992K, used 11402K [0x00000000c0000000, 0x00000000c1480000, 0x00000000eaa80000)
  object space 20992K, 54% used [0x00000000c0000000,0x00000000c0b22bb8,0x00000000c1480000)
 PSPermGen       total 26112K, used 25641K [0x00000000b0000000, 0x00000000b1980000, 0x00000000c0000000)
  object space 26112K, 98% used [0x00000000b0000000,0x00000000b190a798,0x00000000b1980000)
}
Event: 15.865 GC heap before
{Heap before GC invocations=14 (full 0):
 PSYoungGen      total 44544K, used 43628K [0x00000000eaa80000, 0x00000000ef200000, 0x0000000100000000)
  eden space 40448K, 99% used [0x00000000eaa80000,0x00000000ed1ff840,0x00000000ed200000)
  from space 4096K, 77% used [0x00000000ed200000,0x00000000ed51bb68,0x00000000ed600000)
  to   space 4096K, 0% used [0x00000000eee00000,0x00000000eee00000,0x00000000ef200000)
 ParOldGen       total 20992K, used 11402K [0x00000000c0000000, 0x00000000c1480000, 0x00000000eaa80000)
  object space 20992K, 54% used [0x00000000c0000000,0x00000000c0b22bb8,0x00000000c1480000)
 PSPermGen       total 28672K, used 28500K [0x00000000b0000000, 0x00000000b1c00000, 0x00000000c0000000)
  object space 28672K, 99% used [0x00000000b0000000,0x00000000b1bd5148,0x00000000b1c00000)
Event: 15.881 GC heap after
Heap after GC invocations=14 (full 0):
 PSYoungGen      total 68096K, used 4094K [0x00000000eaa80000, 0x00000000ef400000, 0x0000000100000000)
  eden space 64000K, 0% used [0x00000000eaa80000,0x00000000eaa80000,0x00000000ee900000)
  from space 4096K, 99% used [0x00000000eee00000,0x00000000ef1ff8c8,0x00000000ef200000)
  to   space 5120K, 0% used [0x00000000ee900000,0x00000000ee900000,0x00000000eee00000)
 ParOldGen       total 20992K, used 12475K [0x00000000c0000000, 0x00000000c1480000, 0x00000000eaa80000)
  object space 20992K, 59% used [0x00000000c0000000,0x00000000c0c2ed48,0x00000000c1480000)
 PSPermGen       total 28672K, used 28500K [0x00000000b0000000, 0x00000000b1c00000, 0x00000000c0000000)
  object space 28672K, 99% used [0x00000000b0000000,0x00000000b1bd5148,0x00000000b1c00000)
}
Event: 19.200 GC heap before
{Heap before GC invocations=15 (full 0):
 PSYoungGen      total 68096K, used 68094K [0x00000000eaa80000, 0x00000000ef400000, 0x0000000100000000)
  eden space 64000K, 100% used [0x00000000eaa80000,0x00000000ee900000,0x00000000ee900000)
  from space 4096K, 99% used [0x00000000eee00000,0x00000000ef1ff8c8,0x00000000ef200000)
  to   space 5120K, 0% used [0x00000000ee900000,0x00000000ee900000,0x00000000eee00000)
 ParOldGen       total 20992K, used 12475K [0x00000000c0000000, 0x00000000c1480000, 0x00000000eaa80000)
  object space 20992K, 59% used [0x00000000c0000000,0x00000000c0c2ed48,0x00000000c1480000)
 PSPermGen       total 33792K, used 33502K [0x00000000b0000000, 0x00000000b2100000, 0x00000000c0000000)
  object space 33792K, 99% used [0x00000000b0000000,0x00000000b20b7a88,0x00000000b2100000)

